<?xml version="1.0" encoding="UTF-8"?>
<!-- Generated by org.testng.reporters.JUnitReportReporter -->
<testsuite hostname="DESKTOP-A4U8454" name="com.deere.ics.testcase.logintoApplication_pt_BR_AG" tests="8" failures="0" timestamp="21 Sep 2020 10:38:19 GMT" time="112.551" errors="0">
  <testcase name="ImpersonationTest_pt_BR_AG" time="19.292" classname="com.deere.ics.testcase.logintoApplication_pt_BR_AG"/>
  <testcase name="ViewSummarypageTest" time="8.607" classname="com.deere.ics.testcase.logintoApplication_pt_BR_AG"/>
  <testcase name="UsertypeLinkTest_pt_BR_AG" time="16.274" classname="com.deere.ics.testcase.logintoApplication_pt_BR_AG"/>
  <testcase name="SavetheCartTest" time="17.675" classname="com.deere.ics.testcase.logintoApplication_pt_BR_AG"/>
  <testcase name="BuildyourProductTest_pt_BR_AG" time="15.274" classname="com.deere.ics.testcase.logintoApplication_pt_BR_AG"/>
  <testcase name="CustomizeproductTest" time="1.568" classname="com.deere.ics.testcase.logintoApplication_pt_BR_AG"/>
  <testcase name="BasecodeSelectionTest_pt_BR_AG" time="19.675" classname="com.deere.ics.testcase.logintoApplication_pt_BR_AG"/>
  <testcase name="SoldandShipToTest_pt_BR_AG" time="14.186" classname="com.deere.ics.testcase.logintoApplication_pt_BR_AG"/>
</testsuite> <!-- com.deere.ics.testcase.logintoApplication_pt_BR_AG -->
