<?xml version="1.0" encoding="UTF-8"?>
<!-- Generated by org.testng.reporters.JUnitReportReporter -->
<testsuite hostname="DESKTOP-A4U8454" name="com.deere.ics.testcase.logintoApplication_en_CA" tests="7" failures="0" timestamp="21 Sep 2020 10:38:19 GMT" time="75.187" errors="0">
  <testcase name="CustomizeproductTest" time="2.129" classname="com.deere.ics.testcase.logintoApplication_en_CA"/>
  <testcase name="BuildyourProductTest" time="17.258" classname="com.deere.ics.testcase.logintoApplication_en_CA"/>
  <testcase name="SavetheCartTest" time="6.890" classname="com.deere.ics.testcase.logintoApplication_en_CA"/>
  <testcase name="ViewSummarypageTest" time="3.367" classname="com.deere.ics.testcase.logintoApplication_en_CA"/>
  <testcase name="ImpersonationTest" time="17.490" classname="com.deere.ics.testcase.logintoApplication_en_CA"/>
  <testcase name="BasecodeSelectionTest" time="19.334" classname="com.deere.ics.testcase.logintoApplication_en_CA"/>
  <testcase name="UsertypeLinkTest" time="8.719" classname="com.deere.ics.testcase.logintoApplication_en_CA"/>
</testsuite> <!-- com.deere.ics.testcase.logintoApplication_en_CA -->
