<?xml version="1.0" encoding="UTF-8"?>
<!-- Generated by org.testng.reporters.JUnitReportReporter -->
<testsuite hostname="DESKTOP-A4U8454" name="com.deere.ics.testcase.logintoApplication_pt_BR_CF" tests="8" failures="0" timestamp="21 Sep 2020 10:38:19 GMT" time="133.085" errors="0">
  <testcase name="SavetheCartTest_pt_BR_CF" time="20.092" classname="com.deere.ics.testcase.logintoApplication_pt_BR_CF"/>
  <testcase name="ImpersonationTest_pt_BR_CF" time="19.492" classname="com.deere.ics.testcase.logintoApplication_pt_BR_CF"/>
  <testcase name="ViewSummarypageTest_pt_BR_CF" time="9.689" classname="com.deere.ics.testcase.logintoApplication_pt_BR_CF"/>
  <testcase name="CustomizeproductTest_pt_BR_CF" time="1.720" classname="com.deere.ics.testcase.logintoApplication_pt_BR_CF"/>
  <testcase name="BuildyourProductTest_pt_BR_CF" time="21.532" classname="com.deere.ics.testcase.logintoApplication_pt_BR_CF"/>
  <testcase name="SoldandShipToTest_pt_BR_CF" time="11.942" classname="com.deere.ics.testcase.logintoApplication_pt_BR_CF"/>
  <testcase name="BasecodeSelectionTest_pt_BR_CF" time="42.331" classname="com.deere.ics.testcase.logintoApplication_pt_BR_CF"/>
  <testcase name="UsertypeLinkTest_pt_BR_CF" time="6.287" classname="com.deere.ics.testcase.logintoApplication_pt_BR_CF"/>
</testsuite> <!-- com.deere.ics.testcase.logintoApplication_pt_BR_CF -->
