<?xml version="1.0" encoding="UTF-8"?>
<!-- Generated by org.testng.reporters.JUnitReportReporter -->
<testsuite hostname="DESKTOP-A4U8454" name="com.deere.ics.testcase.logintoApplication_pt_BR" tests="9" failures="0" timestamp="8 Sep 2020 06:54:42 GMT" time="141.041" errors="0">
  <testcase name="CustomizeproductTest_pt_BR_CF" time="2.004" classname="com.deere.ics.testcase.logintoApplication_pt_BR"/>
  <testcase name="BasecodeSelectionTest_pt_BR_CF" time="25.545" classname="com.deere.ics.testcase.logintoApplication_pt_BR"/>
  <testcase name="logintoICSTest_pt_BR_CF" time="20.765" classname="com.deere.ics.testcase.logintoApplication_pt_BR"/>
  <testcase name="UsertypeLinkTest_pt_BR_CF" time="11.899" classname="com.deere.ics.testcase.logintoApplication_pt_BR"/>
  <testcase name="BuildyourProductTest_pt_BR_CF" time="22.774" classname="com.deere.ics.testcase.logintoApplication_pt_BR"/>
  <testcase name="SavetheCartTest_pt_BR_CF" time="19.863" classname="com.deere.ics.testcase.logintoApplication_pt_BR"/>
  <testcase name="ViewSummarypageTest_pt_BR_CF" time="10.903" classname="com.deere.ics.testcase.logintoApplication_pt_BR"/>
  <testcase name="ImpersonationTest_pt_BR_CF" time="15.118" classname="com.deere.ics.testcase.logintoApplication_pt_BR"/>
  <testcase name="SoldandShipToTest_pt_BR_CF" time="12.170" classname="com.deere.ics.testcase.logintoApplication_pt_BR"/>
</testsuite> <!-- com.deere.ics.testcase.logintoApplication_pt_BR -->
