<?xml version="1.0" encoding="UTF-8"?>
<!-- Generated by org.testng.reporters.JUnitReportReporter -->
<testsuite hostname="DESKTOP-A4U8454" name="com.deere.ics.testcase.logintoApplication_en_US" tests="8" failures="0" timestamp="21 Sep 2020 10:38:19 GMT" time="108.413" errors="0">
  <testcase name="CustomizeproductTest" time="4.311" classname="com.deere.ics.testcase.logintoApplication_en_US"/>
  <testcase name="BasecodeSelectionTest" time="24.355" classname="com.deere.ics.testcase.logintoApplication_en_US"/>
  <testcase name="ViewSummarypageTest" time="6.399" classname="com.deere.ics.testcase.logintoApplication_en_US"/>
  <testcase name="SavetheCartTest" time="17.417" classname="com.deere.ics.testcase.logintoApplication_en_US"/>
  <testcase name="UsertypeLinkTest" time="8.728" classname="com.deere.ics.testcase.logintoApplication_en_US"/>
  <testcase name="logintoICSTest" time="14.763" classname="com.deere.ics.testcase.logintoApplication_en_US"/>
  <testcase name="ImpersonationTest" time="13.192" classname="com.deere.ics.testcase.logintoApplication_en_US"/>
  <testcase name="BuildyourProductTest" time="19.248" classname="com.deere.ics.testcase.logintoApplication_en_US"/>
</testsuite> <!-- com.deere.ics.testcase.logintoApplication_en_US -->
