<?xml version="1.0" encoding="UTF-8"?>
<!-- Generated by org.testng.reporters.JUnitReportReporter -->
<testsuite hostname="DESKTOP-A4U8454" name="com.deere.ics.testcase.Testclass2" tests="5" failures="0" timestamp="15 Aug 2020 11:40:19 GMT" time="55.288" errors="0">
  <testcase name="BuildyourProductTest" time="2.510" classname="com.deere.ics.testcase.Testclass2"/>
  <testcase name="ImpersonationTest" time="13.808" classname="com.deere.ics.testcase.Testclass2"/>
  <testcase name="BasecodeSelectionTest" time="25.003" classname="com.deere.ics.testcase.Testclass2"/>
  <testcase name="logintoICSTest" time="5.480" classname="com.deere.ics.testcase.Testclass2"/>
  <testcase name="UsertypeLinkTest" time="8.487" classname="com.deere.ics.testcase.Testclass2"/>
</testsuite> <!-- com.deere.ics.testcase.Testclass2 -->
